<?xml version="1.0" encoding="UTF-8"?>
<testng-results ignored="0" total="17" passed="9" failed="8" skipped="0">
  <reporter-output>
  </reporter-output>
  <suite started-at="2025-11-29T15:07:27 IST" name="Suite" finished-at="2025-11-29T15:10:54 IST" duration-ms="206462">
    <groups>
      <group name="cucumber">
        <method signature="AbstractTestNGCucumberTests.runScenario(io.cucumber.testng.PickleWrapper, io.cucumber.testng.FeatureWrapper)[pri:0, instance:testrunner@5b94b04d]" name="runScenario" class="io.cucumber.testng.AbstractTestNGCucumberTests"/>
      </group> <!-- cucumber -->
    </groups>
    <test started-at="2025-11-29T15:07:27 IST" name="Test" finished-at="2025-11-29T15:10:54 IST" duration-ms="206359">
      <class name="testrunner">
        <test-method is-config="true" signature="setUpClass()[pri:0, instance:testrunner@5b94b04d]" started-at="2025-11-29T15:07:27 IST" name="setUpClass" finished-at="2025-11-29T15:07:28 IST" duration-ms="476" status="PASS">
          <reporter-output>
          </reporter-output>
        </test-method> <!-- setUpClass -->
        <test-method signature="runScenario(io.cucumber.testng.PickleWrapper, io.cucumber.testng.FeatureWrapper)[pri:0, instance:testrunner@5b94b04d]" started-at="2025-11-29T15:07:28 IST" name="runScenario" description="Runs Cucumber Scenarios" data-provider="scenarios" finished-at="2025-11-29T15:07:38 IST" duration-ms="10635" status="PASS">
          <params>
            <param index="0">
              <value>
                <![CDATA["Verify the login functionality with valid details"]]>
              </value>
            </param>
            <param index="1">
              <value>
                <![CDATA["Optional[Login Page]"]]>
              </value>
            </param>
          </params>
          <reporter-output>
          </reporter-output>
        </test-method> <!-- runScenario -->
        <test-method signature="runScenario(io.cucumber.testng.PickleWrapper, io.cucumber.testng.FeatureWrapper)[pri:0, instance:testrunner@5b94b04d]" started-at="2025-11-29T15:07:38 IST" name="runScenario" description="Runs Cucumber Scenarios" data-provider="scenarios" finished-at="2025-11-29T15:07:48 IST" duration-ms="9503" status="PASS">
          <params>
            <param index="0">
              <value>
                <![CDATA["Verify the login functionality with invalid username"]]>
              </value>
            </param>
            <param index="1">
              <value>
                <![CDATA["Optional[Login Page]"]]>
              </value>
            </param>
          </params>
          <reporter-output>
          </reporter-output>
        </test-method> <!-- runScenario -->
        <test-method signature="runScenario(io.cucumber.testng.PickleWrapper, io.cucumber.testng.FeatureWrapper)[pri:0, instance:testrunner@5b94b04d]" started-at="2025-11-29T15:07:48 IST" name="runScenario" description="Runs Cucumber Scenarios" data-provider="scenarios" finished-at="2025-11-29T15:07:57 IST" duration-ms="9003" status="PASS">
          <params>
            <param index="0">
              <value>
                <![CDATA["Verify the login functionality with invalid password"]]>
              </value>
            </param>
            <param index="1">
              <value>
                <![CDATA["Optional[Login Page]"]]>
              </value>
            </param>
          </params>
          <reporter-output>
          </reporter-output>
        </test-method> <!-- runScenario -->
        <test-method signature="runScenario(io.cucumber.testng.PickleWrapper, io.cucumber.testng.FeatureWrapper)[pri:0, instance:testrunner@5b94b04d]" started-at="2025-11-29T15:07:57 IST" name="runScenario" description="Runs Cucumber Scenarios" data-provider="scenarios" finished-at="2025-11-29T15:08:07 IST" duration-ms="9946" status="PASS">
          <params>
            <param index="0">
              <value>
                <![CDATA["Verify the login functionality with blank email"]]>
              </value>
            </param>
            <param index="1">
              <value>
                <![CDATA["Optional[Login Page]"]]>
              </value>
            </param>
          </params>
          <reporter-output>
          </reporter-output>
        </test-method> <!-- runScenario -->
        <test-method signature="runScenario(io.cucumber.testng.PickleWrapper, io.cucumber.testng.FeatureWrapper)[pri:0, instance:testrunner@5b94b04d]" started-at="2025-11-29T15:08:07 IST" name="runScenario" description="Runs Cucumber Scenarios" data-provider="scenarios" finished-at="2025-11-29T15:08:16 IST" duration-ms="8795" status="PASS">
          <params>
            <param index="0">
              <value>
                <![CDATA["Verify the login functionality with blank password"]]>
              </value>
            </param>
            <param index="1">
              <value>
                <![CDATA["Optional[Login Page]"]]>
              </value>
            </param>
          </params>
          <reporter-output>
          </reporter-output>
        </test-method> <!-- runScenario -->
        <test-method signature="runScenario(io.cucumber.testng.PickleWrapper, io.cucumber.testng.FeatureWrapper)[pri:0, instance:testrunner@5b94b04d]" started-at="2025-11-29T15:08:16 IST" name="runScenario" description="Runs Cucumber Scenarios" data-provider="scenarios" finished-at="2025-11-29T15:08:26 IST" duration-ms="10308" status="PASS">
          <params>
            <param index="0">
              <value>
                <![CDATA["Verify the reset password functionality with valid details"]]>
              </value>
            </param>
            <param index="1">
              <value>
                <![CDATA["Optional[Forget Password Page]"]]>
              </value>
            </param>
          </params>
          <reporter-output>
          </reporter-output>
        </test-method> <!-- runScenario -->
        <test-method signature="runScenario(io.cucumber.testng.PickleWrapper, io.cucumber.testng.FeatureWrapper)[pri:0, instance:testrunner@5b94b04d]" started-at="2025-11-29T15:08:26 IST" name="runScenario" description="Runs Cucumber Scenarios" data-provider="scenarios" finished-at="2025-11-29T15:08:37 IST" duration-ms="10536" status="FAIL">
          <params>
            <param index="0">
              <value>
                <![CDATA["Verify the reset password functionality with invalid first name"]]>
              </value>
            </param>
            <param index="1">
              <value>
                <![CDATA["Optional[Forget Password Page]"]]>
              </value>
            </param>
          </params>
          <exception class="java.io.FileNotFoundException">
            <message>
              <![CDATA[C:\Users\Administrator\Documents\Selenium Demo\capstone\screenshots\User enters invalid firstname in forget password page.jpeg (The system cannot find the path specified)]]>
            </message>
            <full-stacktrace>
              <![CDATA[java.io.FileNotFoundException: C:\Users\Administrator\Documents\Selenium Demo\capstone\screenshots\User enters invalid firstname in forget password page.jpeg (The system cannot find the path specified)
at java.base/java.io.FileOutputStream.open0(Native Method)
at java.base/java.io.FileOutputStream.open(FileOutputStream.java:255)
at java.base/java.io.FileOutputStream.<init>(FileOutputStream.java:210)
at io.cucumber.messages.internal.com.google.common.io.Files$FileByteSink.openStream(Files.java:193)
at io.cucumber.messages.internal.com.google.common.io.Files$FileByteSink.openStream(Files.java:181)
at io.cucumber.messages.internal.com.google.common.io.ByteSource.copyTo(ByteSource.java:265)
at io.cucumber.messages.internal.com.google.common.io.Files.copy(Files.java:326)
at utilities.screenshot.takeScreenshot(screenshot.java:24)
at stepdefinition.TC07_invalid_firstname_forgot_password.system_displays_error_message_for_invalid_firstname(TC07_invalid_firstname_forgot_password.java:44)
at ✽.system displays error message for invalid firstname(file:///C:/Users/Administrator/Documents/Selenium%20Demo/Para_Bank/Features/2_forgetPassword.feature:18)
]]>
            </full-stacktrace>
          </exception> <!-- java.io.FileNotFoundException -->
          <reporter-output>
          </reporter-output>
        </test-method> <!-- runScenario -->
        <test-method signature="runScenario(io.cucumber.testng.PickleWrapper, io.cucumber.testng.FeatureWrapper)[pri:0, instance:testrunner@5b94b04d]" started-at="2025-11-29T15:08:37 IST" name="runScenario" description="Runs Cucumber Scenarios" data-provider="scenarios" finished-at="2025-11-29T15:08:47 IST" duration-ms="10118" status="FAIL">
          <params>
            <param index="0">
              <value>
                <![CDATA["Verify the reset password functionality with invalid last name"]]>
              </value>
            </param>
            <param index="1">
              <value>
                <![CDATA["Optional[Forget Password Page]"]]>
              </value>
            </param>
          </params>
          <exception class="java.io.FileNotFoundException">
            <message>
              <![CDATA[C:\Users\Administrator\Documents\Selenium Demo\capstone\screenshots\User enters invalid lastname in forget password page.jpeg (The system cannot find the path specified)]]>
            </message>
            <full-stacktrace>
              <![CDATA[java.io.FileNotFoundException: C:\Users\Administrator\Documents\Selenium Demo\capstone\screenshots\User enters invalid lastname in forget password page.jpeg (The system cannot find the path specified)
at java.base/java.io.FileOutputStream.open0(Native Method)
at java.base/java.io.FileOutputStream.open(FileOutputStream.java:255)
at java.base/java.io.FileOutputStream.<init>(FileOutputStream.java:210)
at io.cucumber.messages.internal.com.google.common.io.Files$FileByteSink.openStream(Files.java:193)
at io.cucumber.messages.internal.com.google.common.io.Files$FileByteSink.openStream(Files.java:181)
at io.cucumber.messages.internal.com.google.common.io.ByteSource.copyTo(ByteSource.java:265)
at io.cucumber.messages.internal.com.google.common.io.Files.copy(Files.java:326)
at utilities.screenshot.takeScreenshot(screenshot.java:24)
at stepdefinition.TC08_invalid_lastname_forgot_password.system_displays_error_message_for_invalid_lastname(TC08_invalid_lastname_forgot_password.java:42)
at ✽.system displays error message  for invalid lastname(file:///C:/Users/Administrator/Documents/Selenium%20Demo/Para_Bank/Features/2_forgetPassword.feature:27)
]]>
            </full-stacktrace>
          </exception> <!-- java.io.FileNotFoundException -->
          <reporter-output>
          </reporter-output>
        </test-method> <!-- runScenario -->
        <test-method signature="runScenario(io.cucumber.testng.PickleWrapper, io.cucumber.testng.FeatureWrapper)[pri:0, instance:testrunner@5b94b04d]" started-at="2025-11-29T15:08:47 IST" name="runScenario" description="Runs Cucumber Scenarios" data-provider="scenarios" finished-at="2025-11-29T15:08:58 IST" duration-ms="10909" status="FAIL">
          <params>
            <param index="0">
              <value>
                <![CDATA["Verify the reset password functionality with invalid address"]]>
              </value>
            </param>
            <param index="1">
              <value>
                <![CDATA["Optional[Forget Password Page]"]]>
              </value>
            </param>
          </params>
          <exception class="java.io.FileNotFoundException">
            <message>
              <![CDATA[C:\Users\Administrator\Documents\Selenium Demo\capstone\screenshots\User enters invalid address in forget password page.jpeg (The system cannot find the path specified)]]>
            </message>
            <full-stacktrace>
              <![CDATA[java.io.FileNotFoundException: C:\Users\Administrator\Documents\Selenium Demo\capstone\screenshots\User enters invalid address in forget password page.jpeg (The system cannot find the path specified)
at java.base/java.io.FileOutputStream.open0(Native Method)
at java.base/java.io.FileOutputStream.open(FileOutputStream.java:255)
at java.base/java.io.FileOutputStream.<init>(FileOutputStream.java:210)
at io.cucumber.messages.internal.com.google.common.io.Files$FileByteSink.openStream(Files.java:193)
at io.cucumber.messages.internal.com.google.common.io.Files$FileByteSink.openStream(Files.java:181)
at io.cucumber.messages.internal.com.google.common.io.ByteSource.copyTo(ByteSource.java:265)
at io.cucumber.messages.internal.com.google.common.io.Files.copy(Files.java:326)
at utilities.screenshot.takeScreenshot(screenshot.java:24)
at stepdefinition.TC09_invalid_address_forgot_password.system_displays_error_message_for_invalid_address(TC09_invalid_address_forgot_password.java:42)
at ✽.system displays error message for invalid address(file:///C:/Users/Administrator/Documents/Selenium%20Demo/Para_Bank/Features/2_forgetPassword.feature:36)
]]>
            </full-stacktrace>
          </exception> <!-- java.io.FileNotFoundException -->
          <reporter-output>
          </reporter-output>
        </test-method> <!-- runScenario -->
        <test-method signature="runScenario(io.cucumber.testng.PickleWrapper, io.cucumber.testng.FeatureWrapper)[pri:0, instance:testrunner@5b94b04d]" started-at="2025-11-29T15:08:58 IST" name="runScenario" description="Runs Cucumber Scenarios" data-provider="scenarios" finished-at="2025-11-29T15:09:08 IST" duration-ms="10441" status="FAIL">
          <params>
            <param index="0">
              <value>
                <![CDATA["Verify the reset password functionality with invalid city name"]]>
              </value>
            </param>
            <param index="1">
              <value>
                <![CDATA["Optional[Forget Password Page]"]]>
              </value>
            </param>
          </params>
          <exception class="java.io.FileNotFoundException">
            <message>
              <![CDATA[C:\Users\Administrator\Documents\Selenium Demo\capstone\screenshots\User enters invalid city in forget password page.jpeg (The system cannot find the path specified)]]>
            </message>
            <full-stacktrace>
              <![CDATA[java.io.FileNotFoundException: C:\Users\Administrator\Documents\Selenium Demo\capstone\screenshots\User enters invalid city in forget password page.jpeg (The system cannot find the path specified)
at java.base/java.io.FileOutputStream.open0(Native Method)
at java.base/java.io.FileOutputStream.open(FileOutputStream.java:255)
at java.base/java.io.FileOutputStream.<init>(FileOutputStream.java:210)
at io.cucumber.messages.internal.com.google.common.io.Files$FileByteSink.openStream(Files.java:193)
at io.cucumber.messages.internal.com.google.common.io.Files$FileByteSink.openStream(Files.java:181)
at io.cucumber.messages.internal.com.google.common.io.ByteSource.copyTo(ByteSource.java:265)
at io.cucumber.messages.internal.com.google.common.io.Files.copy(Files.java:326)
at utilities.screenshot.takeScreenshot(screenshot.java:24)
at stepdefinition.TC10_invalid_city_forgot_password.system_displays_error_message_for_invalid_city_name(TC10_invalid_city_forgot_password.java:42)
at ✽.system displays error message for invalid city name(file:///C:/Users/Administrator/Documents/Selenium%20Demo/Para_Bank/Features/2_forgetPassword.feature:45)
]]>
            </full-stacktrace>
          </exception> <!-- java.io.FileNotFoundException -->
          <reporter-output>
          </reporter-output>
        </test-method> <!-- runScenario -->
        <test-method signature="runScenario(io.cucumber.testng.PickleWrapper, io.cucumber.testng.FeatureWrapper)[pri:0, instance:testrunner@5b94b04d]" started-at="2025-11-29T15:09:08 IST" name="runScenario" description="Runs Cucumber Scenarios" data-provider="scenarios" finished-at="2025-11-29T15:09:18 IST" duration-ms="10397" status="FAIL">
          <params>
            <param index="0">
              <value>
                <![CDATA["Verify the reset password functionality with invalid state"]]>
              </value>
            </param>
            <param index="1">
              <value>
                <![CDATA["Optional[Forget Password Page]"]]>
              </value>
            </param>
          </params>
          <exception class="java.io.FileNotFoundException">
            <message>
              <![CDATA[C:\Users\Administrator\Documents\Selenium Demo\capstone\screenshots\User enters invalid state in forget password page.jpeg (The system cannot find the path specified)]]>
            </message>
            <full-stacktrace>
              <![CDATA[java.io.FileNotFoundException: C:\Users\Administrator\Documents\Selenium Demo\capstone\screenshots\User enters invalid state in forget password page.jpeg (The system cannot find the path specified)
at java.base/java.io.FileOutputStream.open0(Native Method)
at java.base/java.io.FileOutputStream.open(FileOutputStream.java:255)
at java.base/java.io.FileOutputStream.<init>(FileOutputStream.java:210)
at io.cucumber.messages.internal.com.google.common.io.Files$FileByteSink.openStream(Files.java:193)
at io.cucumber.messages.internal.com.google.common.io.Files$FileByteSink.openStream(Files.java:181)
at io.cucumber.messages.internal.com.google.common.io.ByteSource.copyTo(ByteSource.java:265)
at io.cucumber.messages.internal.com.google.common.io.Files.copy(Files.java:326)
at utilities.screenshot.takeScreenshot(screenshot.java:24)
at stepdefinition.TC11_invalid_state_forgot_password.system_displays_error_message_for_invalid_state(TC11_invalid_state_forgot_password.java:42)
at ✽.system displays error message for invalid state(file:///C:/Users/Administrator/Documents/Selenium%20Demo/Para_Bank/Features/2_forgetPassword.feature:54)
]]>
            </full-stacktrace>
          </exception> <!-- java.io.FileNotFoundException -->
          <reporter-output>
          </reporter-output>
        </test-method> <!-- runScenario -->
        <test-method signature="runScenario(io.cucumber.testng.PickleWrapper, io.cucumber.testng.FeatureWrapper)[pri:0, instance:testrunner@5b94b04d]" started-at="2025-11-29T15:09:18 IST" name="runScenario" description="Runs Cucumber Scenarios" data-provider="scenarios" finished-at="2025-11-29T15:09:29 IST" duration-ms="10496" status="FAIL">
          <params>
            <param index="0">
              <value>
                <![CDATA["Verify the reset password functionality with invalid zip code"]]>
              </value>
            </param>
            <param index="1">
              <value>
                <![CDATA["Optional[Forget Password Page]"]]>
              </value>
            </param>
          </params>
          <exception class="java.io.FileNotFoundException">
            <message>
              <![CDATA[C:\Users\Administrator\Documents\Selenium Demo\capstone\screenshots\User enters invalid zip code in forget password page.jpeg (The system cannot find the path specified)]]>
            </message>
            <full-stacktrace>
              <![CDATA[java.io.FileNotFoundException: C:\Users\Administrator\Documents\Selenium Demo\capstone\screenshots\User enters invalid zip code in forget password page.jpeg (The system cannot find the path specified)
at java.base/java.io.FileOutputStream.open0(Native Method)
at java.base/java.io.FileOutputStream.open(FileOutputStream.java:255)
at java.base/java.io.FileOutputStream.<init>(FileOutputStream.java:210)
at io.cucumber.messages.internal.com.google.common.io.Files$FileByteSink.openStream(Files.java:193)
at io.cucumber.messages.internal.com.google.common.io.Files$FileByteSink.openStream(Files.java:181)
at io.cucumber.messages.internal.com.google.common.io.ByteSource.copyTo(ByteSource.java:265)
at io.cucumber.messages.internal.com.google.common.io.Files.copy(Files.java:326)
at utilities.screenshot.takeScreenshot(screenshot.java:24)
at stepdefinition.TC12_invalid_zipcode_forgot_password.system_displays_error_message_for_invalid_zip_code(TC12_invalid_zipcode_forgot_password.java:42)
at ✽.system displays error message for invalid zip code(file:///C:/Users/Administrator/Documents/Selenium%20Demo/Para_Bank/Features/2_forgetPassword.feature:63)
]]>
            </full-stacktrace>
          </exception> <!-- java.io.FileNotFoundException -->
          <reporter-output>
          </reporter-output>
        </test-method> <!-- runScenario -->
        <test-method signature="runScenario(io.cucumber.testng.PickleWrapper, io.cucumber.testng.FeatureWrapper)[pri:0, instance:testrunner@5b94b04d]" started-at="2025-11-29T15:09:29 IST" name="runScenario" description="Runs Cucumber Scenarios" data-provider="scenarios" finished-at="2025-11-29T15:09:40 IST" duration-ms="10612" status="FAIL">
          <params>
            <param index="0">
              <value>
                <![CDATA["Verify the reset password functionality with invalid ssn"]]>
              </value>
            </param>
            <param index="1">
              <value>
                <![CDATA["Optional[Forget Password Page]"]]>
              </value>
            </param>
          </params>
          <exception class="java.io.FileNotFoundException">
            <message>
              <![CDATA[C:\Users\Administrator\Documents\Selenium Demo\capstone\screenshots\User enters invalid ssn in forget password page.jpeg (The system cannot find the path specified)]]>
            </message>
            <full-stacktrace>
              <![CDATA[java.io.FileNotFoundException: C:\Users\Administrator\Documents\Selenium Demo\capstone\screenshots\User enters invalid ssn in forget password page.jpeg (The system cannot find the path specified)
at java.base/java.io.FileOutputStream.open0(Native Method)
at java.base/java.io.FileOutputStream.open(FileOutputStream.java:255)
at java.base/java.io.FileOutputStream.<init>(FileOutputStream.java:210)
at io.cucumber.messages.internal.com.google.common.io.Files$FileByteSink.openStream(Files.java:193)
at io.cucumber.messages.internal.com.google.common.io.Files$FileByteSink.openStream(Files.java:181)
at io.cucumber.messages.internal.com.google.common.io.ByteSource.copyTo(ByteSource.java:265)
at io.cucumber.messages.internal.com.google.common.io.Files.copy(Files.java:326)
at utilities.screenshot.takeScreenshot(screenshot.java:24)
at stepdefinition.TC13_invalid_ssn_forgot_password.system_displays_error_message_for_invalid_ssn(TC13_invalid_ssn_forgot_password.java:43)
at ✽.system displays error message for invalid ssn(file:///C:/Users/Administrator/Documents/Selenium%20Demo/Para_Bank/Features/2_forgetPassword.feature:72)
]]>
            </full-stacktrace>
          </exception> <!-- java.io.FileNotFoundException -->
          <reporter-output>
          </reporter-output>
        </test-method> <!-- runScenario -->
        <test-method signature="runScenario(io.cucumber.testng.PickleWrapper, io.cucumber.testng.FeatureWrapper)[pri:0, instance:testrunner@5b94b04d]" started-at="2025-11-29T15:09:40 IST" name="runScenario" description="Runs Cucumber Scenarios" data-provider="scenarios" finished-at="2025-11-29T15:09:54 IST" duration-ms="14130" status="PASS">
          <params>
            <param index="0">
              <value>
                <![CDATA["Verify the open new checking/savings account functionality"]]>
              </value>
            </param>
            <param index="1">
              <value>
                <![CDATA["Optional[Open New Account Page]"]]>
              </value>
            </param>
          </params>
          <reporter-output>
          </reporter-output>
        </test-method> <!-- runScenario -->
        <test-method signature="runScenario(io.cucumber.testng.PickleWrapper, io.cucumber.testng.FeatureWrapper)[pri:0, instance:testrunner@5b94b04d]" started-at="2025-11-29T15:09:54 IST" name="runScenario" description="Runs Cucumber Scenarios" data-provider="scenarios" finished-at="2025-11-29T15:10:26 IST" duration-ms="32857" status="FAIL">
          <params>
            <param index="0">
              <value>
                <![CDATA["Verify the open multiple accounts account functionality"]]>
              </value>
            </param>
            <param index="1">
              <value>
                <![CDATA["Optional[Open New Account Page]"]]>
              </value>
            </param>
          </params>
          <exception class="java.io.FileNotFoundException">
            <message>
              <![CDATA[C:\Users\Administrator\Documents\Selenium Demo\capstone\screenshots\User opens multiple new new account.jpeg (The system cannot find the path specified)]]>
            </message>
            <full-stacktrace>
              <![CDATA[java.io.FileNotFoundException: C:\Users\Administrator\Documents\Selenium Demo\capstone\screenshots\User opens multiple new new account.jpeg (The system cannot find the path specified)
at java.base/java.io.FileOutputStream.open0(Native Method)
at java.base/java.io.FileOutputStream.open(FileOutputStream.java:255)
at java.base/java.io.FileOutputStream.<init>(FileOutputStream.java:210)
at io.cucumber.messages.internal.com.google.common.io.Files$FileByteSink.openStream(Files.java:193)
at io.cucumber.messages.internal.com.google.common.io.Files$FileByteSink.openStream(Files.java:181)
at io.cucumber.messages.internal.com.google.common.io.ByteSource.copyTo(ByteSource.java:265)
at io.cucumber.messages.internal.com.google.common.io.Files.copy(Files.java:326)
at utilities.screenshot.takeScreenshot(screenshot.java:24)
at stepdefinition.TC15_open_multiple_accounts.system_displays_error_message(TC15_open_multiple_accounts.java:47)
at ✽.system displays error message(file:///C:/Users/Administrator/Documents/Selenium%20Demo/Para_Bank/Features/3_openNewAccount.feature:17)
]]>
            </full-stacktrace>
          </exception> <!-- java.io.FileNotFoundException -->
          <reporter-output>
          </reporter-output>
        </test-method> <!-- runScenario -->
        <test-method signature="runScenario(io.cucumber.testng.PickleWrapper, io.cucumber.testng.FeatureWrapper)[pri:0, instance:testrunner@5b94b04d]" started-at="2025-11-29T15:10:26 IST" name="runScenario" description="Runs Cucumber Scenarios" data-provider="scenarios" finished-at="2025-11-29T15:10:40 IST" duration-ms="13384" status="PASS">
          <params>
            <param index="0">
              <value>
                <![CDATA["Verify the account overview functionality"]]>
              </value>
            </param>
            <param index="1">
              <value>
                <![CDATA["Optional[Check Account Overview]"]]>
              </value>
            </param>
          </params>
          <reporter-output>
          </reporter-output>
        </test-method> <!-- runScenario -->
        <test-method signature="runScenario(io.cucumber.testng.PickleWrapper, io.cucumber.testng.FeatureWrapper)[pri:0, instance:testrunner@5b94b04d]" started-at="2025-11-29T15:10:40 IST" name="runScenario" description="Runs Cucumber Scenarios" data-provider="scenarios" finished-at="2025-11-29T15:10:54 IST" duration-ms="13653" status="PASS">
          <params>
            <param index="0">
              <value>
                <![CDATA["Verify the account overview functionality"]]>
              </value>
            </param>
            <param index="1">
              <value>
                <![CDATA["Optional[Check Transfer Fund]"]]>
              </value>
            </param>
          </params>
          <reporter-output>
          </reporter-output>
        </test-method> <!-- runScenario -->
        <test-method is-config="true" signature="tearDownClass()[pri:0, instance:testrunner@5b94b04d]" started-at="2025-11-29T15:10:54 IST" name="tearDownClass" finished-at="2025-11-29T15:10:54 IST" duration-ms="81" status="PASS">
          <reporter-output>
          </reporter-output>
        </test-method> <!-- tearDownClass -->
      </class> <!-- testrunner -->
    </test> <!-- Test -->
    <test started-at="2025-11-29T15:10:54 IST" name="reporter" finished-at="2025-11-29T15:10:54 IST" duration-ms="0">
    </test> <!-- reporter -->
    <test started-at="2025-11-29T15:10:54 IST" name="screenshot" finished-at="2025-11-29T15:10:54 IST" duration-ms="0">
      <class name="utilities.reportGenerator">
        <test-method is-config="true" signature="beforeSuite()[pri:0, instance:utilities.reportGenerator@3c0be339]" started-at="2025-11-29T15:07:27 IST" name="beforeSuite" finished-at="2025-11-29T15:07:27 IST" duration-ms="153" status="PASS">
          <reporter-output>
          </reporter-output>
        </test-method> <!-- beforeSuite -->
        <test-method is-config="true" signature="afterSuite()[pri:0, instance:utilities.reportGenerator@3c0be339]" started-at="2025-11-29T15:10:54 IST" name="afterSuite" finished-at="2025-11-29T15:10:54 IST" duration-ms="238" status="PASS">
          <reporter-output>
          </reporter-output>
        </test-method> <!-- afterSuite -->
      </class> <!-- utilities.reportGenerator -->
    </test> <!-- screenshot -->
  </suite> <!-- Suite -->
</testng-results>
