-------------------------------------------------------------------------------
Test set: TestSuite
-------------------------------------------------------------------------------
Tests run: 17, Failures: 8, Errors: 0, Skipped: 0, Time elapsed: 207.479 s <<< FAILURE! - in TestSuite
runScenario(testrunner)  Time elapsed: 10.54 s  <<< FAILURE!
java.io.FileNotFoundException: C:\Users\Administrator\Documents\Selenium Demo\capstone\screenshots\User enters invalid firstname in forget password page.jpeg (The system cannot find the path specified)

runScenario(testrunner)  Time elapsed: 10.119 s  <<< FAILURE!
java.io.FileNotFoundException: C:\Users\Administrator\Documents\Selenium Demo\capstone\screenshots\User enters invalid lastname in forget password page.jpeg (The system cannot find the path specified)

runScenario(testrunner)  Time elapsed: 10.909 s  <<< FAILURE!
java.io.FileNotFoundException: C:\Users\Administrator\Documents\Selenium Demo\capstone\screenshots\User enters invalid address in forget password page.jpeg (The system cannot find the path specified)

runScenario(testrunner)  Time elapsed: 10.441 s  <<< FAILURE!
java.io.FileNotFoundException: C:\Users\Administrator\Documents\Selenium Demo\capstone\screenshots\User enters invalid city in forget password page.jpeg (The system cannot find the path specified)

runScenario(testrunner)  Time elapsed: 10.397 s  <<< FAILURE!
java.io.FileNotFoundException: C:\Users\Administrator\Documents\Selenium Demo\capstone\screenshots\User enters invalid state in forget password page.jpeg (The system cannot find the path specified)

runScenario(testrunner)  Time elapsed: 10.496 s  <<< FAILURE!
java.io.FileNotFoundException: C:\Users\Administrator\Documents\Selenium Demo\capstone\screenshots\User enters invalid zip code in forget password page.jpeg (The system cannot find the path specified)

runScenario(testrunner)  Time elapsed: 10.613 s  <<< FAILURE!
java.io.FileNotFoundException: C:\Users\Administrator\Documents\Selenium Demo\capstone\screenshots\User enters invalid ssn in forget password page.jpeg (The system cannot find the path specified)

runScenario(testrunner)  Time elapsed: 32.856 s  <<< FAILURE!
java.io.FileNotFoundException: C:\Users\Administrator\Documents\Selenium Demo\capstone\screenshots\User opens multiple new new account.jpeg (The system cannot find the path specified)

