<?xml version="1.0" encoding="UTF-8"?>
<!-- Generated by org.testng.reporters.JUnitReportReporter -->
<testsuite hostname="1557c1b26e0a528" failures="7" tests="17" name="testrunner" time="200.844" errors="0" timestamp="2025-11-28T15:01:20 IST" skipped="0">
  <testcase classname="testrunner" name="runScenario" time="9.935"/>
  <system-out/>
  <testcase classname="testrunner" name="runScenario" time="10.105">
    <failure message="expected [true] but found [false]" type="java.lang.AssertionError">
      <![CDATA[java.lang.AssertionError: expected [true] but found [false]
at org.testng.Assert.fail(Assert.java:97)
at org.testng.Assert.failNotEquals(Assert.java:969)
at org.testng.Assert.assertTrue(Assert.java:43)
at org.testng.Assert.assertTrue(Assert.java:53)
at stepdefinition.TC08_invalid_lastname_forgot_password.system_displays_error_message_for_invalid_lastname(TC08_invalid_lastname_forgot_password.java:44)
at ✽.system displays error message  for invalid lastname(file:///C:/Users/Administrator/Documents/Selenium%20Demo/capstone/Features/2_forgetPassword.feature:27)
]]>
    </failure>
  </testcase> <!-- runScenario -->
  <system-out/>
  <testcase classname="testrunner" name="runScenario" time="13.122"/>
  <system-out/>
  <testcase classname="testrunner" name="runScenario" time="30.780">
    <failure message="expected [true] but found [false]" type="java.lang.AssertionError">
      <![CDATA[java.lang.AssertionError: expected [true] but found [false]
at org.testng.Assert.fail(Assert.java:97)
at org.testng.Assert.failNotEquals(Assert.java:969)
at org.testng.Assert.assertTrue(Assert.java:43)
at org.testng.Assert.assertTrue(Assert.java:53)
at stepdefinition.TC15_open_multiple_accounts.system_displays_error_message(TC15_open_multiple_accounts.java:49)
at ✽.system displays error message(file:///C:/Users/Administrator/Documents/Selenium%20Demo/capstone/Features/3_openNewAccount.feature:17)
]]>
    </failure>
  </testcase> <!-- runScenario -->
  <system-out/>
  <testcase classname="testrunner" name="runScenario" time="9.766"/>
  <system-out/>
  <testcase classname="testrunner" name="runScenario" time="10.792"/>
  <system-out/>
  <testcase classname="testrunner" name="runScenario" time="9.442"/>
  <system-out/>
  <testcase classname="testrunner" name="runScenario" time="10.267">
    <failure message="expected [true] but found [false]" type="java.lang.AssertionError">
      <![CDATA[java.lang.AssertionError: expected [true] but found [false]
at org.testng.Assert.fail(Assert.java:97)
at org.testng.Assert.failNotEquals(Assert.java:969)
at org.testng.Assert.assertTrue(Assert.java:43)
at org.testng.Assert.assertTrue(Assert.java:53)
at stepdefinition.TC12_invalid_zipcode_forgot_password.system_displays_error_message_for_invalid_zip_code(TC12_invalid_zipcode_forgot_password.java:44)
at ✽.system displays error message for invalid zip code(file:///C:/Users/Administrator/Documents/Selenium%20Demo/capstone/Features/2_forgetPassword.feature:63)
]]>
    </failure>
  </testcase> <!-- runScenario -->
  <system-out/>
  <testcase classname="testrunner" name="runScenario" time="12.894"/>
  <system-out/>
  <testcase classname="testrunner" name="runScenario" time="9.185"/>
  <system-out/>
  <testcase classname="testrunner" name="runScenario" time="10.041">
    <failure message="expected [true] but found [false]" type="java.lang.AssertionError">
      <![CDATA[java.lang.AssertionError: expected [true] but found [false]
at org.testng.Assert.fail(Assert.java:97)
at org.testng.Assert.failNotEquals(Assert.java:969)
at org.testng.Assert.assertTrue(Assert.java:43)
at org.testng.Assert.assertTrue(Assert.java:53)
at stepdefinition.TC07_invalid_firstname_forgot_password.system_displays_error_message_for_invalid_firstname(TC07_invalid_firstname_forgot_password.java:45)
at ✽.system displays error message for invalid firstname(file:///C:/Users/Administrator/Documents/Selenium%20Demo/capstone/Features/2_forgetPassword.feature:18)
]]>
    </failure>
  </testcase> <!-- runScenario -->
  <system-out/>
  <testcase classname="testrunner" name="runScenario" time="10.055"/>
  <system-out/>
  <testcase classname="testrunner" name="runScenario" time="13.368"/>
  <system-out/>
  <testcase classname="testrunner" name="runScenario" time="10.218"/>
  <system-out/>
  <testcase classname="testrunner" name="runScenario" time="10.395">
    <failure message="expected [true] but found [false]" type="java.lang.AssertionError">
      <![CDATA[java.lang.AssertionError: expected [true] but found [false]
at org.testng.Assert.fail(Assert.java:97)
at org.testng.Assert.failNotEquals(Assert.java:969)
at org.testng.Assert.assertTrue(Assert.java:43)
at org.testng.Assert.assertTrue(Assert.java:53)
at stepdefinition.TC11_invalid_state_forgot_password.system_displays_error_message_for_invalid_state(TC11_invalid_state_forgot_password.java:44)
at ✽.system displays error message for invalid state(file:///C:/Users/Administrator/Documents/Selenium%20Demo/capstone/Features/2_forgetPassword.feature:54)
]]>
    </failure>
  </testcase> <!-- runScenario -->
  <system-out/>
  <testcase classname="testrunner" name="runScenario" time="9.822">
    <failure message="expected [true] but found [false]" type="java.lang.AssertionError">
      <![CDATA[java.lang.AssertionError: expected [true] but found [false]
at org.testng.Assert.fail(Assert.java:97)
at org.testng.Assert.failNotEquals(Assert.java:969)
at org.testng.Assert.assertTrue(Assert.java:43)
at org.testng.Assert.assertTrue(Assert.java:53)
at stepdefinition.TC09_invalid_address_forgot_password.system_displays_error_message_for_invalid_address(TC09_invalid_address_forgot_password.java:44)
at ✽.system displays error message for invalid address(file:///C:/Users/Administrator/Documents/Selenium%20Demo/capstone/Features/2_forgetPassword.feature:36)
]]>
    </failure>
  </testcase> <!-- runScenario -->
  <system-out/>
  <testcase classname="testrunner" name="runScenario" time="10.657">
    <failure message="expected [true] but found [false]" type="java.lang.AssertionError">
      <![CDATA[java.lang.AssertionError: expected [true] but found [false]
at org.testng.Assert.fail(Assert.java:97)
at org.testng.Assert.failNotEquals(Assert.java:969)
at org.testng.Assert.assertTrue(Assert.java:43)
at org.testng.Assert.assertTrue(Assert.java:53)
at stepdefinition.TC10_invalid_city_forgot_password.system_displays_error_message_for_invalid_city_name(TC10_invalid_city_forgot_password.java:44)
at ✽.system displays error message for invalid city name(file:///C:/Users/Administrator/Documents/Selenium%20Demo/capstone/Features/2_forgetPassword.feature:45)
]]>
    </failure>
  </testcase> <!-- runScenario -->
  <system-out/>
</testsuite> <!-- testrunner -->
