<?xml version="1.0" encoding="UTF-8"?>
<!-- Generated by org.testng.reporters.JUnitReportReporter -->
<testsuite hostname="1557c1b26e0a528" failures="0" tests="17" name="testrunner" time="205.723" errors="8" timestamp="2025-11-29T15:10:54 IST" skipped="0">
  <testcase classname="testrunner" name="runScenario" time="10.536">
    <error message="C:\Users\Administrator\Documents\Selenium Demo\capstone\screenshots\User enters invalid firstname in forget password page.jpeg (The system cannot find the path specified)" type="java.io.FileNotFoundException">
      <![CDATA[java.io.FileNotFoundException: C:\Users\Administrator\Documents\Selenium Demo\capstone\screenshots\User enters invalid firstname in forget password page.jpeg (The system cannot find the path specified)
at java.base/java.io.FileOutputStream.open0(Native Method)
at java.base/java.io.FileOutputStream.open(FileOutputStream.java:255)
at java.base/java.io.FileOutputStream.<init>(FileOutputStream.java:210)
at io.cucumber.messages.internal.com.google.common.io.Files$FileByteSink.openStream(Files.java:193)
at io.cucumber.messages.internal.com.google.common.io.Files$FileByteSink.openStream(Files.java:181)
at io.cucumber.messages.internal.com.google.common.io.ByteSource.copyTo(ByteSource.java:265)
at io.cucumber.messages.internal.com.google.common.io.Files.copy(Files.java:326)
at utilities.screenshot.takeScreenshot(screenshot.java:24)
at stepdefinition.TC07_invalid_firstname_forgot_password.system_displays_error_message_for_invalid_firstname(TC07_invalid_firstname_forgot_password.java:44)
at ✽.system displays error message for invalid firstname(file:///C:/Users/Administrator/Documents/Selenium%20Demo/Para_Bank/Features/2_forgetPassword.feature:18)
]]>
    </error>
  </testcase> <!-- runScenario -->
  <system-out/>
  <testcase classname="testrunner" name="runScenario" time="9.003"/>
  <system-out/>
  <testcase classname="testrunner" name="runScenario" time="32.857">
    <error message="C:\Users\Administrator\Documents\Selenium Demo\capstone\screenshots\User opens multiple new new account.jpeg (The system cannot find the path specified)" type="java.io.FileNotFoundException">
      <![CDATA[java.io.FileNotFoundException: C:\Users\Administrator\Documents\Selenium Demo\capstone\screenshots\User opens multiple new new account.jpeg (The system cannot find the path specified)
at java.base/java.io.FileOutputStream.open0(Native Method)
at java.base/java.io.FileOutputStream.open(FileOutputStream.java:255)
at java.base/java.io.FileOutputStream.<init>(FileOutputStream.java:210)
at io.cucumber.messages.internal.com.google.common.io.Files$FileByteSink.openStream(Files.java:193)
at io.cucumber.messages.internal.com.google.common.io.Files$FileByteSink.openStream(Files.java:181)
at io.cucumber.messages.internal.com.google.common.io.ByteSource.copyTo(ByteSource.java:265)
at io.cucumber.messages.internal.com.google.common.io.Files.copy(Files.java:326)
at utilities.screenshot.takeScreenshot(screenshot.java:24)
at stepdefinition.TC15_open_multiple_accounts.system_displays_error_message(TC15_open_multiple_accounts.java:47)
at ✽.system displays error message(file:///C:/Users/Administrator/Documents/Selenium%20Demo/Para_Bank/Features/3_openNewAccount.feature:17)
]]>
    </error>
  </testcase> <!-- runScenario -->
  <system-out/>
  <testcase classname="testrunner" name="runScenario" time="13.384"/>
  <system-out/>
  <testcase classname="testrunner" name="runScenario" time="14.130"/>
  <system-out/>
  <testcase classname="testrunner" name="runScenario" time="10.635"/>
  <system-out/>
  <testcase classname="testrunner" name="runScenario" time="10.118">
    <error message="C:\Users\Administrator\Documents\Selenium Demo\capstone\screenshots\User enters invalid lastname in forget password page.jpeg (The system cannot find the path specified)" type="java.io.FileNotFoundException">
      <![CDATA[java.io.FileNotFoundException: C:\Users\Administrator\Documents\Selenium Demo\capstone\screenshots\User enters invalid lastname in forget password page.jpeg (The system cannot find the path specified)
at java.base/java.io.FileOutputStream.open0(Native Method)
at java.base/java.io.FileOutputStream.open(FileOutputStream.java:255)
at java.base/java.io.FileOutputStream.<init>(FileOutputStream.java:210)
at io.cucumber.messages.internal.com.google.common.io.Files$FileByteSink.openStream(Files.java:193)
at io.cucumber.messages.internal.com.google.common.io.Files$FileByteSink.openStream(Files.java:181)
at io.cucumber.messages.internal.com.google.common.io.ByteSource.copyTo(ByteSource.java:265)
at io.cucumber.messages.internal.com.google.common.io.Files.copy(Files.java:326)
at utilities.screenshot.takeScreenshot(screenshot.java:24)
at stepdefinition.TC08_invalid_lastname_forgot_password.system_displays_error_message_for_invalid_lastname(TC08_invalid_lastname_forgot_password.java:42)
at ✽.system displays error message  for invalid lastname(file:///C:/Users/Administrator/Documents/Selenium%20Demo/Para_Bank/Features/2_forgetPassword.feature:27)
]]>
    </error>
  </testcase> <!-- runScenario -->
  <system-out/>
  <testcase classname="testrunner" name="runScenario" time="13.653"/>
  <system-out/>
  <testcase classname="testrunner" name="runScenario" time="10.612">
    <error message="C:\Users\Administrator\Documents\Selenium Demo\capstone\screenshots\User enters invalid ssn in forget password page.jpeg (The system cannot find the path specified)" type="java.io.FileNotFoundException">
      <![CDATA[java.io.FileNotFoundException: C:\Users\Administrator\Documents\Selenium Demo\capstone\screenshots\User enters invalid ssn in forget password page.jpeg (The system cannot find the path specified)
at java.base/java.io.FileOutputStream.open0(Native Method)
at java.base/java.io.FileOutputStream.open(FileOutputStream.java:255)
at java.base/java.io.FileOutputStream.<init>(FileOutputStream.java:210)
at io.cucumber.messages.internal.com.google.common.io.Files$FileByteSink.openStream(Files.java:193)
at io.cucumber.messages.internal.com.google.common.io.Files$FileByteSink.openStream(Files.java:181)
at io.cucumber.messages.internal.com.google.common.io.ByteSource.copyTo(ByteSource.java:265)
at io.cucumber.messages.internal.com.google.common.io.Files.copy(Files.java:326)
at utilities.screenshot.takeScreenshot(screenshot.java:24)
at stepdefinition.TC13_invalid_ssn_forgot_password.system_displays_error_message_for_invalid_ssn(TC13_invalid_ssn_forgot_password.java:43)
at ✽.system displays error message for invalid ssn(file:///C:/Users/Administrator/Documents/Selenium%20Demo/Para_Bank/Features/2_forgetPassword.feature:72)
]]>
    </error>
  </testcase> <!-- runScenario -->
  <system-out/>
  <testcase classname="testrunner" name="runScenario" time="10.397">
    <error message="C:\Users\Administrator\Documents\Selenium Demo\capstone\screenshots\User enters invalid state in forget password page.jpeg (The system cannot find the path specified)" type="java.io.FileNotFoundException">
      <![CDATA[java.io.FileNotFoundException: C:\Users\Administrator\Documents\Selenium Demo\capstone\screenshots\User enters invalid state in forget password page.jpeg (The system cannot find the path specified)
at java.base/java.io.FileOutputStream.open0(Native Method)
at java.base/java.io.FileOutputStream.open(FileOutputStream.java:255)
at java.base/java.io.FileOutputStream.<init>(FileOutputStream.java:210)
at io.cucumber.messages.internal.com.google.common.io.Files$FileByteSink.openStream(Files.java:193)
at io.cucumber.messages.internal.com.google.common.io.Files$FileByteSink.openStream(Files.java:181)
at io.cucumber.messages.internal.com.google.common.io.ByteSource.copyTo(ByteSource.java:265)
at io.cucumber.messages.internal.com.google.common.io.Files.copy(Files.java:326)
at utilities.screenshot.takeScreenshot(screenshot.java:24)
at stepdefinition.TC11_invalid_state_forgot_password.system_displays_error_message_for_invalid_state(TC11_invalid_state_forgot_password.java:42)
at ✽.system displays error message for invalid state(file:///C:/Users/Administrator/Documents/Selenium%20Demo/Para_Bank/Features/2_forgetPassword.feature:54)
]]>
    </error>
  </testcase> <!-- runScenario -->
  <system-out/>
  <testcase classname="testrunner" name="runScenario" time="9.503"/>
  <system-out/>
  <testcase classname="testrunner" name="runScenario" time="8.795"/>
  <system-out/>
  <testcase classname="testrunner" name="runScenario" time="9.946"/>
  <system-out/>
  <testcase classname="testrunner" name="runScenario" time="10.441">
    <error message="C:\Users\Administrator\Documents\Selenium Demo\capstone\screenshots\User enters invalid city in forget password page.jpeg (The system cannot find the path specified)" type="java.io.FileNotFoundException">
      <![CDATA[java.io.FileNotFoundException: C:\Users\Administrator\Documents\Selenium Demo\capstone\screenshots\User enters invalid city in forget password page.jpeg (The system cannot find the path specified)
at java.base/java.io.FileOutputStream.open0(Native Method)
at java.base/java.io.FileOutputStream.open(FileOutputStream.java:255)
at java.base/java.io.FileOutputStream.<init>(FileOutputStream.java:210)
at io.cucumber.messages.internal.com.google.common.io.Files$FileByteSink.openStream(Files.java:193)
at io.cucumber.messages.internal.com.google.common.io.Files$FileByteSink.openStream(Files.java:181)
at io.cucumber.messages.internal.com.google.common.io.ByteSource.copyTo(ByteSource.java:265)
at io.cucumber.messages.internal.com.google.common.io.Files.copy(Files.java:326)
at utilities.screenshot.takeScreenshot(screenshot.java:24)
at stepdefinition.TC10_invalid_city_forgot_password.system_displays_error_message_for_invalid_city_name(TC10_invalid_city_forgot_password.java:42)
at ✽.system displays error message for invalid city name(file:///C:/Users/Administrator/Documents/Selenium%20Demo/Para_Bank/Features/2_forgetPassword.feature:45)
]]>
    </error>
  </testcase> <!-- runScenario -->
  <system-out/>
  <testcase classname="testrunner" name="runScenario" time="10.496">
    <error message="C:\Users\Administrator\Documents\Selenium Demo\capstone\screenshots\User enters invalid zip code in forget password page.jpeg (The system cannot find the path specified)" type="java.io.FileNotFoundException">
      <![CDATA[java.io.FileNotFoundException: C:\Users\Administrator\Documents\Selenium Demo\capstone\screenshots\User enters invalid zip code in forget password page.jpeg (The system cannot find the path specified)
at java.base/java.io.FileOutputStream.open0(Native Method)
at java.base/java.io.FileOutputStream.open(FileOutputStream.java:255)
at java.base/java.io.FileOutputStream.<init>(FileOutputStream.java:210)
at io.cucumber.messages.internal.com.google.common.io.Files$FileByteSink.openStream(Files.java:193)
at io.cucumber.messages.internal.com.google.common.io.Files$FileByteSink.openStream(Files.java:181)
at io.cucumber.messages.internal.com.google.common.io.ByteSource.copyTo(ByteSource.java:265)
at io.cucumber.messages.internal.com.google.common.io.Files.copy(Files.java:326)
at utilities.screenshot.takeScreenshot(screenshot.java:24)
at stepdefinition.TC12_invalid_zipcode_forgot_password.system_displays_error_message_for_invalid_zip_code(TC12_invalid_zipcode_forgot_password.java:42)
at ✽.system displays error message for invalid zip code(file:///C:/Users/Administrator/Documents/Selenium%20Demo/Para_Bank/Features/2_forgetPassword.feature:63)
]]>
    </error>
  </testcase> <!-- runScenario -->
  <system-out/>
  <testcase classname="testrunner" name="runScenario" time="10.308"/>
  <system-out/>
  <testcase classname="testrunner" name="runScenario" time="10.909">
    <error message="C:\Users\Administrator\Documents\Selenium Demo\capstone\screenshots\User enters invalid address in forget password page.jpeg (The system cannot find the path specified)" type="java.io.FileNotFoundException">
      <![CDATA[java.io.FileNotFoundException: C:\Users\Administrator\Documents\Selenium Demo\capstone\screenshots\User enters invalid address in forget password page.jpeg (The system cannot find the path specified)
at java.base/java.io.FileOutputStream.open0(Native Method)
at java.base/java.io.FileOutputStream.open(FileOutputStream.java:255)
at java.base/java.io.FileOutputStream.<init>(FileOutputStream.java:210)
at io.cucumber.messages.internal.com.google.common.io.Files$FileByteSink.openStream(Files.java:193)
at io.cucumber.messages.internal.com.google.common.io.Files$FileByteSink.openStream(Files.java:181)
at io.cucumber.messages.internal.com.google.common.io.ByteSource.copyTo(ByteSource.java:265)
at io.cucumber.messages.internal.com.google.common.io.Files.copy(Files.java:326)
at utilities.screenshot.takeScreenshot(screenshot.java:24)
at stepdefinition.TC09_invalid_address_forgot_password.system_displays_error_message_for_invalid_address(TC09_invalid_address_forgot_password.java:42)
at ✽.system displays error message for invalid address(file:///C:/Users/Administrator/Documents/Selenium%20Demo/Para_Bank/Features/2_forgetPassword.feature:36)
]]>
    </error>
  </testcase> <!-- runScenario -->
  <system-out/>
</testsuite> <!-- testrunner -->
