<?xml version="1.0" encoding="UTF-8"?>
<!-- Generated by org.testng.reporters.JUnitXMLReporter -->
<testsuite ignored="0" hostname="1557c1b26e0a528" failures="1" tests="2" name="Test" time="20.502" errors="0" timestamp="2025-11-24T15:58:00 IST">
  <testcase classname="io.cucumber.testng.AbstractTestNGCucumberTests" name="runScenario" time="10.318">
    <failure type="java.lang.AssertionError" message="expected [true] but found [false]">
      <![CDATA[java.lang.AssertionError: expected [true] but found [false]
at stepdefinition.TC01_valid_login_data.user_navigates_to_home_page(TC01_valid_login_data.java:38)
at âœ½.user navigates to home page(file:///C:/Users/Administrator/Documents/Selenium%20Demo/capstone/Features/login.feature:9)
... Removed 4 stack frames]]>
    </failure>
  </testcase> <!-- runScenario -->
  <testcase classname="io.cucumber.testng.AbstractTestNGCucumberTests" name="runScenario" time="9.808"/>
</testsuite> <!-- Test -->
